<?xml version="1.0" encoding="UTF-8"?>
<testsuite name="ConverterTest" tests="3" skipped="0" failures="0" errors="0" timestamp="2022-02-13T17:22:45" hostname="pop-os" time="0.042">
  <properties/>
  <testcase name="shouldConvertASentenceInUpperCaseToCamelCase()" classname="ConverterTest" time="0.038"/>
  <testcase name="shouldConvertAWordToCamelCase()" classname="ConverterTest" time="0.001"/>
  <testcase name="shouldConvertASentenceToCamelCase()" classname="ConverterTest" time="0.001"/>
  <system-out><![CDATA[]]></system-out>
  <system-err><![CDATA[]]></system-err>
</testsuite>
