<?xml version="1.0" encoding="UTF-8"?>
<testsuite name="ConverterTest" tests="2" skipped="0" failures="0" errors="0" timestamp="2022-02-13T17:12:52" hostname="pop-os" time="0.042">
  <properties/>
  <testcase name="shouldConvertAWordToCamelCase()" classname="ConverterTest" time="0.039"/>
  <testcase name="shouldConvertASentenceToCamelCase()" classname="ConverterTest" time="0.002"/>
  <system-out><![CDATA[WORDS [name]
WORDS [composite, name]
]]></system-out>
  <system-err><![CDATA[]]></system-err>
</testsuite>
