<?xml version="1.0" encoding="UTF-8"?>
<testsuite name="ConverterTest" tests="1" skipped="0" failures="0" errors="0" timestamp="2022-02-13T17:00:45" hostname="pop-os" time="0.036">
  <properties/>
  <testcase name="shouldConvertAWordToCamelCase()" classname="ConverterTest" time="0.036"/>
  <system-out><![CDATA[]]></system-out>
  <system-err><![CDATA[]]></system-err>
</testsuite>
